<?xml version="1.0" encoding="UTF-8"?>
<testng-results skipped="0" failed="1" total="1" passed="0">
  <reporter-output>
    <line>
      <![CDATA[Opened URL : https://services.nhsbsa.nhs.uk/check-for-help-paying-nhs-costs/start]]>
    </line>
    <line>
      <![CDATA[Check what help you could get to pay for NHS cost : Header is Displaying]]>
    </line>
    <line>
      <![CDATA[Clicked on StartNow Button]]>
    </line>
    <line>
      <![CDATA[Selected Wales for Which country do you live in? Question]]>
    </line>
    <line>
      <![CDATA[Clicked on Next Button]]>
    </line>
    <line>
      <![CDATA[for Is your GP practice in Scotland or Wales? :: We selected : No]]>
    </line>
    <line>
      <![CDATA[Clicked on Next Button]]>
    </line>
    <line>
      <![CDATA[for Which country is your dental practice in? :: We selected : WALES]]>
    </line>
    <line>
      <![CDATA[Clicked on Next Button]]>
    </line>
    <line>
      <![CDATA[for What is your date of birth? :: We selected : 15/04/1997]]>
    </line>
    <line>
      <![CDATA[Clicked on Next Button]]>
    </line>
    <line>
      <![CDATA[for Do you live with a partner? :: We selected : No]]>
    </line>
    <line>
      <![CDATA[Clicked on Next Button]]>
    </line>
    <line>
      <![CDATA[for Do you claim any benefits or tax credits? :: We selected : No]]>
    </line>
    <line>
      <![CDATA[Clicked on Next Button]]>
    </line>
    <line>
      <![CDATA[for Are you pregnant or have you given birth in the last 12 months? :: We selected : No]]>
    </line>
    <line>
      <![CDATA[Clicked on Next Button]]>
    </line>
    <line>
      <![CDATA[for Do you have an injury or illness caused by serving in the armed forces? :: We selected : No]]>
    </line>
    <line>
      <![CDATA[Clicked on Next Button]]>
    </line>
    <line>
      <![CDATA[for Do you have diabetes? :: We selected : No]]>
    </line>
    <line>
      <![CDATA[Clicked on Next Button]]>
    </line>
    <line>
      <![CDATA[for Do you have glaucoma? :: We selected : No]]>
    </line>
    <line>
      <![CDATA[Clicked on Next Button]]>
    </line>
    <line>
      <![CDATA[for Do you live permanently in a care home? :: We selected : No]]>
    </line>
    <line>
      <![CDATA[Clicked on Next Button]]>
    </line>
    <line>
      <![CDATA[for Do you have more than £16,000 in savings, investments or property? :: We selected : No]]>
    </line>
    <line>
      <![CDATA[Clicked on Next Button]]>
    </line>
    <line>
      <![CDATA[Opened URL : https://services.nhsbsa.nhs.uk/check-for-help-paying-nhs-costs/start]]>
    </line>
    <line>
      <![CDATA[Check what help you could get to pay for NHS cost : Header is Displaying]]>
    </line>
  </reporter-output>
  <suite name="Eligibility Checker Test Suite" duration-ms="180414" started-at="2023-10-15T17:36:10Z" finished-at="2023-10-15T17:39:10Z">
    <groups>
      <group name="cucumber">
        <method signature="TestRunner.feature(cucumber.api.testng.CucumberFeatureWrapper)[pri:0, instance:com.eligibilityChecker.testRunner.TestRunner@68837a77]" name="feature" class="com.eligibilityChecker.testRunner.TestRunner"/>
      </group> <!-- cucumber -->
    </groups>
    <test name="Eligibility Checker Test" duration-ms="180414" started-at="2023-10-15T17:36:10Z" finished-at="2023-10-15T17:39:10Z">
      <class name="com.eligibilityChecker.testRunner.TestRunner">
        <test-method status="PASS" signature="setUpClass()[pri:0, instance:com.eligibilityChecker.testRunner.TestRunner@68837a77]" name="setUpClass" is-config="true" duration-ms="517" started-at="2023-10-15T23:06:10Z" finished-at="2023-10-15T23:06:11Z">
          <reporter-output>
          </reporter-output>
        </test-method> <!-- setUpClass -->
        <test-method status="PASS" signature="BrowserLaunch()[pri:0, instance:com.eligibilityChecker.testRunner.TestRunner@68837a77]" name="BrowserLaunch" is-config="true" duration-ms="4961" started-at="2023-10-15T23:06:11Z" finished-at="2023-10-15T23:06:16Z">
          <reporter-output>
          </reporter-output>
        </test-method> <!-- BrowserLaunch -->
        <test-method status="FAIL" signature="feature(cucumber.api.testng.CucumberFeatureWrapper)[pri:0, instance:com.eligibilityChecker.testRunner.TestRunner@68837a77]" name="feature" duration-ms="174721" started-at="2023-10-15T23:06:16Z" description="Runs cucmber Features" data-provider="features" finished-at="2023-10-15T23:09:10Z">
          <params>
            <param index="0">
              <value>
                <![CDATA[Wales Test Ticket]]>
              </value>
            </param>
          </params>
          <exception class="cucumber.runtime.CucumberException">
            <message>
              <![CDATA[org.openqa.selenium.NoSuchElementException: no such element: Unable to locate element: {"method":"xpath","selector":"//h1[@class='heading-xlarge done-panel']"}
  (Session info: chrome=118.0.5993.71)
For documentation on this error, please visit: https://www.seleniumhq.org/exceptions/no_such_element.html
Build info: version: '3.141.59', revision: 'e82be7d358', time: '2018-11-14T08:17:03'
System info: host: 'DESKTOP-3T5KP8E', ip: '192.168.1.6', os.name: 'Windows 10', os.arch: 'amd64', os.version: '10.0', java.version: '1.8.0_341'
Driver info: org.openqa.selenium.chrome.ChromeDriver
Capabilities {acceptInsecureCerts: false, browserName: chrome, browserVersion: 118.0.5993.71, chrome: {chromedriverVersion: 118.0.5993.70 (e52f33f30b91..., userDataDir: C:\Users\Homde\AppData\Loca...}, fedcm:accounts: true, goog:chromeOptions: {debuggerAddress: localhost:64404}, javascriptEnabled: true, networkConnectionEnabled: false, pageLoadStrategy: normal, platform: WINDOWS, platformName: WINDOWS, proxy: Proxy(), setWindowRect: true, strictFileInteractability: false, timeouts: {implicit: 0, pageLoad: 300000, script: 30000}, unhandledPromptBehavior: dismiss and notify, webauthn:extension:credBlob: true, webauthn:extension:largeBlob: true, webauthn:extension:minPinLength: true, webauthn:extension:prf: true, webauthn:virtualAuthenticators: true}
Session ID: d2d1f19d14e2a78715058c06066e44a1
*** Element info: {Using=xpath, value=//h1[@class='heading-xlarge done-panel']}]]>
            </message>
            <full-stacktrace>
              <![CDATA[cucumber.runtime.CucumberException: org.openqa.selenium.NoSuchElementException: no such element: Unable to locate element: {"method":"xpath","selector":"//h1[@class='heading-xlarge done-panel']"}
  (Session info: chrome=118.0.5993.71)
For documentation on this error, please visit: https://www.seleniumhq.org/exceptions/no_such_element.html
Build info: version: '3.141.59', revision: 'e82be7d358', time: '2018-11-14T08:17:03'
System info: host: 'DESKTOP-3T5KP8E', ip: '192.168.1.6', os.name: 'Windows 10', os.arch: 'amd64', os.version: '10.0', java.version: '1.8.0_341'
Driver info: org.openqa.selenium.chrome.ChromeDriver
Capabilities {acceptInsecureCerts: false, browserName: chrome, browserVersion: 118.0.5993.71, chrome: {chromedriverVersion: 118.0.5993.70 (e52f33f30b91..., userDataDir: C:\Users\Homde\AppData\Loca...}, fedcm:accounts: true, goog:chromeOptions: {debuggerAddress: localhost:64404}, javascriptEnabled: true, networkConnectionEnabled: false, pageLoadStrategy: normal, platform: WINDOWS, platformName: WINDOWS, proxy: Proxy(), setWindowRect: true, strictFileInteractability: false, timeouts: {implicit: 0, pageLoad: 300000, script: 30000}, unhandledPromptBehavior: dismiss and notify, webauthn:extension:credBlob: true, webauthn:extension:largeBlob: true, webauthn:extension:minPinLength: true, webauthn:extension:prf: true, webauthn:virtualAuthenticators: true}
Session ID: d2d1f19d14e2a78715058c06066e44a1
*** Element info: {Using=xpath, value=//h1[@class='heading-xlarge done-panel']}
	at cucumber.api.testng.TestNGCucumberRunner.runCucumber(TestNGCucumberRunner.java:69)
	at com.eligibilityChecker.testRunner.TestRunner.feature(TestRunner.java:46)
	at sun.reflect.NativeMethodAccessorImpl.invoke0(Native Method)
	at sun.reflect.NativeMethodAccessorImpl.invoke(NativeMethodAccessorImpl.java:62)
	at sun.reflect.DelegatingMethodAccessorImpl.invoke(DelegatingMethodAccessorImpl.java:43)
	at java.lang.reflect.Method.invoke(Method.java:498)
	at org.testng.internal.MethodInvocationHelper.invokeMethod(MethodInvocationHelper.java:86)
	at org.testng.internal.Invoker.invokeMethod(Invoker.java:643)
	at org.testng.internal.Invoker.invokeTestMethod(Invoker.java:820)
	at org.testng.internal.Invoker.invokeTestMethods(Invoker.java:1128)
	at org.testng.internal.TestMethodWorker.invokeTestMethods(TestMethodWorker.java:129)
	at org.testng.internal.TestMethodWorker.run(TestMethodWorker.java:112)
	at org.testng.TestRunner.privateRun(TestRunner.java:782)
	at org.testng.TestRunner.run(TestRunner.java:632)
	at org.testng.SuiteRunner.runTest(SuiteRunner.java:366)
	at org.testng.SuiteRunner.runSequentially(SuiteRunner.java:361)
	at org.testng.SuiteRunner.privateRun(SuiteRunner.java:319)
	at org.testng.SuiteRunner.run(SuiteRunner.java:268)
	at org.testng.SuiteRunnerWorker.runSuite(SuiteRunnerWorker.java:52)
	at org.testng.SuiteRunnerWorker.run(SuiteRunnerWorker.java:86)
	at org.testng.TestNG.runSuitesSequentially(TestNG.java:1244)
	at org.testng.TestNG.runSuitesLocally(TestNG.java:1169)
	at org.testng.TestNG.run(TestNG.java:1064)
	at org.apache.maven.surefire.testng.TestNGExecutor.run(TestNGExecutor.java:281)
	at org.apache.maven.surefire.testng.TestNGXmlTestSuite.execute(TestNGXmlTestSuite.java:75)
	at org.apache.maven.surefire.testng.TestNGProvider.invoke(TestNGProvider.java:121)
	at org.apache.maven.surefire.booter.ForkedBooter.invokeProviderInSameClassLoader(ForkedBooter.java:290)
	at org.apache.maven.surefire.booter.ForkedBooter.runSuitesInProcess(ForkedBooter.java:242)
	at org.apache.maven.surefire.booter.ForkedBooter.main(ForkedBooter.java:121)
Caused by: org.openqa.selenium.NoSuchElementException: no such element: Unable to locate element: {"method":"xpath","selector":"//h1[@class='heading-xlarge done-panel']"}
  (Session info: chrome=118.0.5993.71)
For documentation on this error, please visit: https://www.seleniumhq.org/exceptions/no_such_element.html
Build info: version: '3.141.59', revision: 'e82be7d358', time: '2018-11-14T08:17:03'
System info: host: 'DESKTOP-3T5KP8E', ip: '192.168.1.6', os.name: 'Windows 10', os.arch: 'amd64', os.version: '10.0', java.version: '1.8.0_341'
Driver info: org.openqa.selenium.chrome.ChromeDriver
Capabilities {acceptInsecureCerts: false, browserName: chrome, browserVersion: 118.0.5993.71, chrome: {chromedriverVersion: 118.0.5993.70 (e52f33f30b91..., userDataDir: C:\Users\Homde\AppData\Loca...}, fedcm:accounts: true, goog:chromeOptions: {debuggerAddress: localhost:64404}, javascriptEnabled: true, networkConnectionEnabled: false, pageLoadStrategy: normal, platform: WINDOWS, platformName: WINDOWS, proxy: Proxy(), setWindowRect: true, strictFileInteractability: false, timeouts: {implicit: 0, pageLoad: 300000, script: 30000}, unhandledPromptBehavior: dismiss and notify, webauthn:extension:credBlob: true, webauthn:extension:largeBlob: true, webauthn:extension:minPinLength: true, webauthn:extension:prf: true, webauthn:virtualAuthenticators: true}
Session ID: d2d1f19d14e2a78715058c06066e44a1
*** Element info: {Using=xpath, value=//h1[@class='heading-xlarge done-panel']}
	at sun.reflect.NativeConstructorAccessorImpl.newInstance0(Native Method)
	at sun.reflect.NativeConstructorAccessorImpl.newInstance(NativeConstructorAccessorImpl.java:62)
	at sun.reflect.DelegatingConstructorAccessorImpl.newInstance(DelegatingConstructorAccessorImpl.java:45)
	at java.lang.reflect.Constructor.newInstance(Constructor.java:423)
	at org.openqa.selenium.remote.http.W3CHttpResponseCodec.createException(W3CHttpResponseCodec.java:187)
	at org.openqa.selenium.remote.http.W3CHttpResponseCodec.decode(W3CHttpResponseCodec.java:122)
	at org.openqa.selenium.remote.http.W3CHttpResponseCodec.decode(W3CHttpResponseCodec.java:49)
	at org.openqa.selenium.remote.HttpCommandExecutor.execute(HttpCommandExecutor.java:158)
	at org.openqa.selenium.remote.service.DriverCommandExecutor.execute(DriverCommandExecutor.java:83)
	at org.openqa.selenium.remote.RemoteWebDriver.execute(RemoteWebDriver.java:552)
	at org.openqa.selenium.remote.RemoteWebDriver.findElement(RemoteWebDriver.java:323)
	at org.openqa.selenium.remote.RemoteWebDriver.findElementByXPath(RemoteWebDriver.java:428)
	at org.openqa.selenium.By$ByXPath.findElement(By.java:353)
	at org.openqa.selenium.remote.RemoteWebDriver.findElement(RemoteWebDriver.java:315)
	at com.eligibilityChecker.stepdefinitions.EligibilityTest_Steps.CheckResults(EligibilityTest_Steps.java:55)
	at ✽.Then I should get a result of whether I will get help or not(wales.feature:7)
]]>
            </full-stacktrace>
          </exception> <!-- cucumber.runtime.CucumberException -->
          <reporter-output>
            <line>
              <![CDATA[Opened URL : https://services.nhsbsa.nhs.uk/check-for-help-paying-nhs-costs/start]]>
            </line>
            <line>
              <![CDATA[Check what help you could get to pay for NHS cost : Header is Displaying]]>
            </line>
            <line>
              <![CDATA[Clicked on StartNow Button]]>
            </line>
            <line>
              <![CDATA[Selected Wales for Which country do you live in? Question]]>
            </line>
            <line>
              <![CDATA[Clicked on Next Button]]>
            </line>
            <line>
              <![CDATA[for Is your GP practice in Scotland or Wales? :: We selected : No]]>
            </line>
            <line>
              <![CDATA[Clicked on Next Button]]>
            </line>
            <line>
              <![CDATA[for Which country is your dental practice in? :: We selected : WALES]]>
            </line>
            <line>
              <![CDATA[Clicked on Next Button]]>
            </line>
            <line>
              <![CDATA[for What is your date of birth? :: We selected : 15/04/1997]]>
            </line>
            <line>
              <![CDATA[Clicked on Next Button]]>
            </line>
            <line>
              <![CDATA[for Do you live with a partner? :: We selected : No]]>
            </line>
            <line>
              <![CDATA[Clicked on Next Button]]>
            </line>
            <line>
              <![CDATA[for Do you claim any benefits or tax credits? :: We selected : No]]>
            </line>
            <line>
              <![CDATA[Clicked on Next Button]]>
            </line>
            <line>
              <![CDATA[for Are you pregnant or have you given birth in the last 12 months? :: We selected : No]]>
            </line>
            <line>
              <![CDATA[Clicked on Next Button]]>
            </line>
            <line>
              <![CDATA[for Do you have an injury or illness caused by serving in the armed forces? :: We selected : No]]>
            </line>
            <line>
              <![CDATA[Clicked on Next Button]]>
            </line>
            <line>
              <![CDATA[for Do you have diabetes? :: We selected : No]]>
            </line>
            <line>
              <![CDATA[Clicked on Next Button]]>
            </line>
            <line>
              <![CDATA[for Do you have glaucoma? :: We selected : No]]>
            </line>
            <line>
              <![CDATA[Clicked on Next Button]]>
            </line>
            <line>
              <![CDATA[for Do you live permanently in a care home? :: We selected : No]]>
            </line>
            <line>
              <![CDATA[Clicked on Next Button]]>
            </line>
            <line>
              <![CDATA[for Do you have more than £16,000 in savings, investments or property? :: We selected : No]]>
            </line>
            <line>
              <![CDATA[Clicked on Next Button]]>
            </line>
            <line>
              <![CDATA[Opened URL : https://services.nhsbsa.nhs.uk/check-for-help-paying-nhs-costs/start]]>
            </line>
            <line>
              <![CDATA[Check what help you could get to pay for NHS cost : Header is Displaying]]>
            </line>
          </reporter-output>
        </test-method> <!-- feature -->
        <test-method status="PASS" signature="testDownClass()[pri:0, instance:com.eligibilityChecker.testRunner.TestRunner@68837a77]" name="testDownClass" is-config="true" duration-ms="16" started-at="2023-10-15T23:09:10Z" finished-at="2023-10-15T23:09:10Z">
          <reporter-output>
          </reporter-output>
        </test-method> <!-- testDownClass -->
      </class> <!-- com.eligibilityChecker.testRunner.TestRunner -->
    </test> <!-- Eligibility Checker Test -->
  </suite> <!-- Eligibility Checker Test Suite -->
</testng-results>
