<?xml version="1.0" encoding="UTF-8"?>
<testsuite xmlns:xsi="http://www.w3.org/2001/XMLSchema-instance" xsi:schemaLocation="https://maven.apache.org/surefire/maven-surefire-plugin/xsd/surefire-test-report.xsd" name="TestSuite" time="181.707" tests="1" errors="0" skipped="0" failures="1">
  <properties>
[...]
</properties>
  <testcase name="feature" classname="com.eligibilityChecker.testRunner.TestRunner" time="174.758">
    <failure message="org.openqa.selenium.NoSuchElementException: no such element: Unable to locate element: {&quot;method&quot;:&quot;xpath&quot;,&quot;selector&quot;:&quot;//h1[@class=&apos;heading-xlarge done-panel&apos;]&quot;}&#10;  (Session info: chrome=118.0.5993.71)&#10;For documentation on this error, please visit: https://www.seleniumhq.org/exceptions/no_such_element.html&#10;Build info: version: &apos;3.141.59&apos;, revision: &apos;e82be7d358&apos;, time: &apos;2018-11-14T08:17:03&apos;&#10;System info: host: &apos;DESKTOP-3T5KP8E&apos;, ip: &apos;192.168.1.6&apos;, os.name: &apos;Windows 10&apos;, os.arch: &apos;amd64&apos;, os.version: &apos;10.0&apos;, java.version: &apos;1.8.0_341&apos;&#10;Driver info: org.openqa.selenium.chrome.ChromeDriver&#10;Capabilities {acceptInsecureCerts: false, browserName: chrome, browserVersion: 118.0.5993.71, chrome: {chromedriverVersion: 118.0.5993.70 (e52f33f30b91..., userDataDir: C:\Users\Homde\AppData\Loca...}, fedcm:accounts: true, goog:chromeOptions: {debuggerAddress: localhost:64404}, javascriptEnabled: true, networkConnectionEnabled: false, pageLoadStrategy: normal, platform: WINDOWS, platformName: WINDOWS, proxy: Proxy(), setWindowRect: true, strictFileInteractability: false, timeouts: {implicit: 0, pageLoad: 300000, script: 30000}, unhandledPromptBehavior: dismiss and notify, webauthn:extension:credBlob: true, webauthn:extension:largeBlob: true, webauthn:extension:minPinLength: true, webauthn:extension:prf: true, webauthn:virtualAuthenticators: true}&#10;Session ID: d2d1f19d14e2a78715058c06066e44a1&#10;*** Element info: {Using=xpath, value=//h1[@class=&apos;heading-xlarge done-panel&apos;]}" type="cucumber.runtime.CucumberException">cucumber.runtime.CucumberException: 
org.openqa.selenium.NoSuchElementException: no such element: Unable to locate element: {"method":"xpath","selector":"//h1[@class='heading-xlarge done-panel']"}
  (Session info: chrome=118.0.5993.71)
For documentation on this error, please visit: https://www.seleniumhq.org/exceptions/no_such_element.html
Build info: version: '3.141.59', revision: 'e82be7d358', time: '2018-11-14T08:17:03'
System info: host: 'DESKTOP-3T5KP8E', ip: '192.168.1.6', os.name: 'Windows 10', os.arch: 'amd64', os.version: '10.0', java.version: '1.8.0_341'
Driver info: org.openqa.selenium.chrome.ChromeDriver
Capabilities {acceptInsecureCerts: false, browserName: chrome, browserVersion: 118.0.5993.71, chrome: {chromedriverVersion: 118.0.5993.70 (e52f33f30b91..., userDataDir: C:\Users\Homde\AppData\Loca...}, fedcm:accounts: true, goog:chromeOptions: {debuggerAddress: localhost:64404}, javascriptEnabled: true, networkConnectionEnabled: false, pageLoadStrategy: normal, platform: WINDOWS, platformName: WINDOWS, proxy: Proxy(), setWindowRect: true, strictFileInteractability: false, timeouts: {implicit: 0, pageLoad: 300000, script: 30000}, unhandledPromptBehavior: dismiss and notify, webauthn:extension:credBlob: true, webauthn:extension:largeBlob: true, webauthn:extension:minPinLength: true, webauthn:extension:prf: true, webauthn:virtualAuthenticators: true}
Session ID: d2d1f19d14e2a78715058c06066e44a1
*** Element info: {Using=xpath, value=//h1[@class='heading-xlarge done-panel']}
	at com.eligibilityChecker.testRunner.TestRunner.feature(TestRunner.java:46)
Caused by: org.openqa.selenium.NoSuchElementException: 
no such element: Unable to locate element: {"method":"xpath","selector":"//h1[@class='heading-xlarge done-panel']"}
  (Session info: chrome=118.0.5993.71)
For documentation on this error, please visit: https://www.seleniumhq.org/exceptions/no_such_element.html
Build info: version: '3.141.59', revision: 'e82be7d358', time: '2018-11-14T08:17:03'
System info: host: 'DESKTOP-3T5KP8E', ip: '192.168.1.6', os.name: 'Windows 10', os.arch: 'amd64', os.version: '10.0', java.version: '1.8.0_341'
Driver info: org.openqa.selenium.chrome.ChromeDriver
Capabilities {acceptInsecureCerts: false, browserName: chrome, browserVersion: 118.0.5993.71, chrome: {chromedriverVersion: 118.0.5993.70 (e52f33f30b91..., userDataDir: C:\Users\Homde\AppData\Loca...}, fedcm:accounts: true, goog:chromeOptions: {debuggerAddress: localhost:64404}, javascriptEnabled: true, networkConnectionEnabled: false, pageLoadStrategy: normal, platform: WINDOWS, platformName: WINDOWS, proxy: Proxy(), setWindowRect: true, strictFileInteractability: false, timeouts: {implicit: 0, pageLoad: 300000, script: 30000}, unhandledPromptBehavior: dismiss and notify, webauthn:extension:credBlob: true, webauthn:extension:largeBlob: true, webauthn:extension:minPinLength: true, webauthn:extension:prf: true, webauthn:virtualAuthenticators: true}
Session ID: d2d1f19d14e2a78715058c06066e44a1
*** Element info: {Using=xpath, value=//h1[@class='heading-xlarge done-panel']}
</failure>
    <system-out><![CDATA[Opened URL : https://services.nhsbsa.nhs.uk/check-for-help-paying-nhs-costs/start
Check what help you could get to pay for NHS cost : Header is Displaying
Clicked on StartNow Button
Selected Wales for Which country do you live in? Question
Clicked on Next Button
for Is your GP practice in Scotland or Wales? :: We selected : No
Clicked on Next Button
for Which country is your dental practice in? :: We selected : WALES
Clicked on Next Button
for What is your date of birth? :: We selected : 15/04/1997
Clicked on Next Button
for Do you live with a partner? :: We selected : No
Clicked on Next Button
for Do you claim any benefits or tax credits? :: We selected : No
Clicked on Next Button
for Are you pregnant or have you given birth in the last 12 months? :: We selected : No
Clicked on Next Button
for Do you have an injury or illness caused by serving in the armed forces? :: We selected : No
Clicked on Next Button
for Do you have diabetes? :: We selected : No
Clicked on Next Button
for Do you have glaucoma? :: We selected : No
Clicked on Next Button
for Do you live permanently in a care home? :: We selected : No
Clicked on Next Button
for Do you have more than £16,000 in savings, investments or property? :: We selected : No
Clicked on Next Button
Next is not available
********************************************************
[[ChromeDriver: chrome on WINDOWS (d2d1f19d14e2a78715058c06066e44a1)] -> xpath: //h2[@class='heading-large']]
Opened URL : https://services.nhsbsa.nhs.uk/check-for-help-paying-nhs-costs/start
Check what help you could get to pay for NHS cost : Header is Displaying
]]></system-out>
    <system-err><![CDATA[Starting ChromeDriver 118.0.5993.70 (e52f33f30b91b4ddfad649acddc39ab570473b86-refs/branch-heads/5993@{#1216}) on port 27552
Only local connections are allowed.
Please see https://chromedriver.chromium.org/security-considerations for suggestions on keeping ChromeDriver safe.
ChromeDriver was started successfully.
Oct 15, 2023 11:06:16 PM org.openqa.selenium.remote.ProtocolHandshake createSession
INFO: Detected dialect: W3C
]]></system-err>
  </testcase>
</testsuite>